23/05/2019 01:37:23 p. m. Conexión Establecida a base operativa: GAAAF_Body
23/05/2019 01:37:23 p. m. La orden: M00002669 ya existe.
23/05/2019 01:37:23 p. m. La orden: M00002706 ya existe.
23/05/2019 01:37:23 p. m. La orden: M00002349 ya existe.
23/05/2019 01:37:23 p. m. La orden: M00003102 ya existe.
23/05/2019 01:37:23 p. m. La orden: M00003083 ya existe.
23/05/2019 01:37:23 p. m. La orden: B00003276 ya existe.
23/05/2019 01:37:24 p. m. La orden: M00003609 ya existe.
23/05/2019 01:37:24 p. m. La orden: M00000189 ya existe.
23/05/2019 01:37:24 p. m. La orden: M00004339 ya existe.
23/05/2019 01:37:24 p. m. La orden: B00004749 ya existe.
23/05/2019 01:37:24 p. m. La orden: M00004843 ya existe.
23/05/2019 01:37:24 p. m. La orden: M00005277 ya existe.
23/05/2019 01:37:24 p. m. La orden: M00005506 ya existe.
23/05/2019 01:37:24 p. m. La orden: M00005655 ya existe.
23/05/2019 01:37:24 p. m. La orden: J00005589 ya existe.
23/05/2019 01:37:24 p. m. La orden: B00005590 ya existe.
23/05/2019 01:37:24 p. m. La orden: J00005696 ya existe.
23/05/2019 01:37:24 p. m. La orden: M00005919 ya existe.
23/05/2019 01:37:24 p. m. La orden: J00005800 ya existe.
23/05/2019 01:37:25 p. m. La orden: M00006147 ya existe.
23/05/2019 01:37:25 p. m. La orden: M00006295 ya existe.
23/05/2019 01:37:25 p. m. La orden: M00006281 ya existe.
23/05/2019 01:37:25 p. m. La orden: M00006429 ya existe.
23/05/2019 01:37:25 p. m. La orden: J00006753 ya existe.
23/05/2019 01:37:25 p. m. La orden: J00006983 ya existe.
23/05/2019 01:37:25 p. m. La orden: M00007084 ya existe.
23/05/2019 01:37:25 p. m. La orden: M00007161 ya existe.
23/05/2019 01:37:25 p. m. La orden: J00007153 ya existe.
23/05/2019 01:37:25 p. m. La orden: M00007121 ya existe.
23/05/2019 01:37:25 p. m. La orden: M00006895 ya existe.
23/05/2019 01:37:25 p. m. La orden: M00006987 ya existe.
23/05/2019 01:37:26 p. m. La orden: M00007257 ya existe.
23/05/2019 01:37:26 p. m. La orden: M00007168 ya existe.
23/05/2019 01:37:26 p. m. La orden: M00006881 ya existe.
23/05/2019 01:37:26 p. m. La orden: M00007274 ya existe.
23/05/2019 01:37:26 p. m. La orden: J00007493 ya existe.
23/05/2019 01:37:26 p. m. La orden: M00007244 ya existe.
23/05/2019 01:37:26 p. m. La orden: M00007272 ya existe.
23/05/2019 01:37:26 p. m. La orden: J00007591 ya existe.
23/05/2019 01:37:26 p. m. La orden: M00007214 ya existe.
23/05/2019 01:37:26 p. m. La orden: M00006856 ya existe.
23/05/2019 01:37:26 p. m. La orden: M00007215 ya existe.
23/05/2019 01:37:26 p. m. La orden: M00007653 ya existe.
23/05/2019 01:37:26 p. m. La orden: J00007767 ya existe.
23/05/2019 01:37:27 p. m. La orden: M00007918 ya existe.
23/05/2019 01:37:27 p. m. La orden: M00007885 ya existe.
23/05/2019 01:37:27 p. m. La orden: M00007959 ya existe.
23/05/2019 01:37:27 p. m. La orden: M00007964 ya existe.
23/05/2019 01:37:27 p. m. La orden: M00007143 ya existe.
23/05/2019 01:37:27 p. m. La orden: M00007228 ya existe.
23/05/2019 01:37:27 p. m. La orden: M00007090 ya existe.
23/05/2019 01:37:27 p. m. La orden: M00007033 ya existe.
23/05/2019 01:37:27 p. m. La orden: M00008331 ya existe.
23/05/2019 01:37:27 p. m. La orden: J00008495 ya existe.
23/05/2019 01:37:27 p. m. La orden: B00008502 ya existe.
23/05/2019 01:37:27 p. m. La orden: M00007265 ya existe.
23/05/2019 01:37:27 p. m. La orden: M00008645 ya existe.
23/05/2019 01:37:28 p. m. La orden: M00008675 ya existe.
23/05/2019 01:37:28 p. m. La orden: M00007131 ya existe.
23/05/2019 01:37:28 p. m. La orden: M00008696 ya existe.
23/05/2019 01:37:28 p. m. La orden: M00008720 ya existe.
23/05/2019 01:37:28 p. m. La orden: M00008688 ya existe.
23/05/2019 01:37:28 p. m. La orden: M00008732 ya existe.
23/05/2019 01:37:28 p. m. La orden: M00008517 ya existe.
23/05/2019 01:37:28 p. m. La orden: M00008180 ya existe.
23/05/2019 01:37:28 p. m. La orden: M00009444 ya existe.
23/05/2019 01:37:28 p. m. La orden: J00009679 ya existe.
23/05/2019 01:37:28 p. m. La orden: J00010221 ya existe.
23/05/2019 01:37:28 p. m. La orden: M00010460 ya existe.
23/05/2019 01:37:28 p. m. La orden: M00010849 ya existe.
23/05/2019 01:37:29 p. m. La orden: M00011083 ya existe.
23/05/2019 01:37:29 p. m. La orden: M00010019 ya existe.
23/05/2019 01:37:29 p. m. La orden: M00010058 ya existe.
23/05/2019 01:37:29 p. m. La orden: M00011420 ya existe.
23/05/2019 01:37:29 p. m. La orden: B00011907 ya existe.
23/05/2019 01:37:29 p. m. La orden: J00011821 ya existe.
23/05/2019 01:37:29 p. m. La orden: M00000190 ya existe.
23/05/2019 01:37:29 p. m. La orden: J00009951 ya existe.
23/05/2019 01:37:29 p. m. La orden: J00009257 ya existe.
23/05/2019 01:37:29 p. m. La orden: M00012161 ya existe.
23/05/2019 01:37:29 p. m. La orden: M00011645 ya existe.
23/05/2019 01:37:29 p. m. La orden: J00012618 ya existe.
23/05/2019 01:37:29 p. m. La orden: M00012700 ya existe.
23/05/2019 01:37:30 p. m. La orden: M00011353 ya existe.
23/05/2019 01:37:31 p. m. Proceso Terminado
23/05/2019 01:38:58 p. m. Conexión Establecida a base operativa: GAAAF_Body
23/05/2019 01:38:58 p. m. La orden: M00002320 ya existe.
23/05/2019 01:38:58 p. m. La orden: M00002353 ya existe.
23/05/2019 01:38:58 p. m. La orden: J00002358 ya existe.
23/05/2019 01:38:58 p. m. La orden: M00002394 ya existe.
23/05/2019 01:38:58 p. m. La orden: M00012444 ya existe.
23/05/2019 01:38:58 p. m. La orden: M00010939 ya existe.
23/05/2019 01:38:58 p. m. La orden: M00002200 ya existe.
23/05/2019 01:38:58 p. m. La orden: M00002235 ya existe.
23/05/2019 01:38:59 p. m. La orden: M00002296 ya existe.
23/05/2019 01:38:59 p. m. La orden: M00002311 ya existe.
23/05/2019 01:38:59 p. m. La orden: M00002592 ya existe.
23/05/2019 01:38:59 p. m. La orden: M00002556 ya existe.
23/05/2019 01:38:59 p. m. La orden: B00002934 ya existe.
23/05/2019 01:38:59 p. m. La orden: M00011091 ya existe.
23/05/2019 01:38:59 p. m. La orden: M00011180 ya existe.
23/05/2019 01:38:59 p. m. La orden: M00011006 ya existe.
23/05/2019 01:38:59 p. m. La orden: M00011393 ya existe.
23/05/2019 01:38:59 p. m. La orden: M00011327 ya existe.
23/05/2019 01:38:59 p. m. La orden: M00011216 ya existe.
23/05/2019 01:38:59 p. m. La orden: M00011441 ya existe.
23/05/2019 01:38:59 p. m. La orden: M00011385 ya existe.
23/05/2019 01:39:00 p. m. La orden: M00011211 ya existe.
23/05/2019 01:39:00 p. m. La orden: M00011078 ya existe.
23/05/2019 01:39:00 p. m. La orden: M00011441 ya existe.
23/05/2019 01:39:00 p. m. La orden: M00003165 ya existe.
23/05/2019 01:39:00 p. m. La orden: M00011611 ya existe.
23/05/2019 01:39:00 p. m. La orden: J00011394 ya existe.
23/05/2019 01:39:00 p. m. La orden: M00004897 ya existe.
23/05/2019 01:39:00 p. m. La orden: M00004866 ya existe.
23/05/2019 01:39:00 p. m. La orden: J00005344 ya existe.
23/05/2019 01:39:00 p. m. La orden: M00002755 ya existe.
23/05/2019 01:39:00 p. m. La orden: M00003029 ya existe.
23/05/2019 01:39:00 p. m. La orden: M00003129 ya existe.
23/05/2019 01:39:00 p. m. La orden: M00003165 ya existe.
23/05/2019 01:39:01 p. m. La orden: M00003503 ya existe.
23/05/2019 01:39:01 p. m. La orden: M00003449 ya existe.
23/05/2019 01:39:01 p. m. La orden: M00003029 ya existe.
23/05/2019 01:39:01 p. m. La orden: J00004835 ya existe.
23/05/2019 01:39:01 p. m. La orden: M00004887 ya existe.
23/05/2019 01:39:01 p. m. La orden: M00004826 ya existe.
23/05/2019 01:39:01 p. m. La orden: M00005108 ya existe.
23/05/2019 01:39:01 p. m. La orden: M00005806 ya existe.
23/05/2019 01:39:01 p. m. La orden: J00004085 ya existe.
23/05/2019 01:39:01 p. m. La orden: M00004083 ya existe.
23/05/2019 01:39:01 p. m. La orden: M00011078 ya existe.
23/05/2019 01:39:01 p. m. La orden: M00004266 ya existe.
23/05/2019 01:39:01 p. m. La orden: M00004267 ya existe.
23/05/2019 01:39:02 p. m. La orden: M00008266 ya existe.
23/05/2019 01:39:02 p. m. La orden: M00002960 ya existe.
23/05/2019 01:39:02 p. m. La orden: M00003067 ya existe.
23/05/2019 01:39:02 p. m. La orden: M00008262 ya existe.
23/05/2019 01:39:02 p. m. La orden: M00005938 ya existe.
23/05/2019 01:39:02 p. m. La orden: M00005938 ya existe.
23/05/2019 01:39:02 p. m. La orden: B00006411 ya existe.
23/05/2019 01:39:02 p. m. La orden: B00006448 ya existe.
23/05/2019 01:39:02 p. m. La orden: B00006490 ya existe.
23/05/2019 01:39:02 p. m. La orden: J00006414 ya existe.
23/05/2019 01:39:02 p. m. La orden: M00008093 ya existe.
23/05/2019 01:39:02 p. m. La orden: M00006450 ya existe.
23/05/2019 01:39:02 p. m. La orden: M00006576 ya existe.
23/05/2019 01:39:03 p. m. La orden: M00003856 ya existe.
23/05/2019 01:39:03 p. m. La orden: M00011007 ya existe.
23/05/2019 01:39:03 p. m. La orden: M00011203 ya existe.
23/05/2019 01:39:03 p. m. La orden: M00011084 ya existe.
23/05/2019 01:39:03 p. m. La orden: M00011152 ya existe.
23/05/2019 01:39:03 p. m. La orden: M00011488 ya existe.
23/05/2019 01:39:03 p. m. La orden: J00010752 ya existe.
23/05/2019 01:39:03 p. m. La orden: J00011939 ya existe.
23/05/2019 01:39:03 p. m. La orden: M00011220 ya existe.
23/05/2019 01:39:03 p. m. La orden: M00011947 ya existe.
23/05/2019 01:39:03 p. m. La orden: M00011256 ya existe.
23/05/2019 01:39:03 p. m. La orden: M00011838 ya existe.
23/05/2019 01:39:03 p. m. La orden: M00011790 ya existe.
23/05/2019 01:39:04 p. m. La orden: M00003797 ya existe.
23/05/2019 01:39:04 p. m. La orden: M00006488 ya existe.
23/05/2019 01:39:04 p. m. La orden: M00006570 ya existe.
23/05/2019 01:39:04 p. m. La orden: J00006949 ya existe.
23/05/2019 01:39:04 p. m. La orden: J00006902 ya existe.
23/05/2019 01:39:04 p. m. La orden: J00007107 ya existe.
23/05/2019 01:39:04 p. m. La orden: M00007044 ya existe.
23/05/2019 01:39:04 p. m. La orden: M00007111 ya existe.
23/05/2019 01:39:04 p. m. La orden: M00006970 ya existe.
23/05/2019 01:39:04 p. m. La orden: M00007218 ya existe.
23/05/2019 01:39:04 p. m. La orden: M00006899 ya existe.
23/05/2019 01:39:04 p. m. La orden: M00006995 ya existe.
23/05/2019 01:39:04 p. m. La orden: M00007067 ya existe.
23/05/2019 01:39:05 p. m. La orden: M00007227 ya existe.
23/05/2019 01:39:05 p. m. La orden: M00012092 ya existe.
23/05/2019 01:39:05 p. m. La orden: M00012366 ya existe.
23/05/2019 01:39:05 p. m. La orden: J00012615 ya existe.
23/05/2019 01:39:05 p. m. La orden: M00012092 ya existe.
23/05/2019 01:39:05 p. m. La orden: M00012876 ya existe.
23/05/2019 01:39:05 p. m. La orden: M00006819 ya existe.
23/05/2019 01:39:05 p. m. La orden: J00013022 ya existe.
23/05/2019 01:39:05 p. m. La orden: M00007216 ya existe.
23/05/2019 01:39:05 p. m. La orden: M00007297 ya existe.
23/05/2019 01:39:05 p. m. La orden: M00007348 ya existe.
23/05/2019 01:39:05 p. m. La orden: M00007106 ya existe.
23/05/2019 01:39:05 p. m. La orden: J00007407 ya existe.
23/05/2019 01:39:05 p. m. La orden: M00007141 ya existe.
23/05/2019 01:39:06 p. m. La orden: M00007165 ya existe.
23/05/2019 01:39:06 p. m. La orden: M00006998 ya existe.
23/05/2019 01:39:06 p. m. La orden: M00007362 ya existe.
23/05/2019 01:39:06 p. m. La orden: M00008898 ya existe.
23/05/2019 01:39:06 p. m. La orden: M00007319 ya existe.
23/05/2019 01:39:06 p. m. La orden: M00007465 ya existe.
23/05/2019 01:39:06 p. m. La orden: M00007572 ya existe.
23/05/2019 01:39:06 p. m. La orden: M00007481 ya existe.
23/05/2019 01:39:06 p. m. La orden: M00007583 ya existe.
23/05/2019 01:39:06 p. m. La orden: M00012371 ya existe.
23/05/2019 01:39:06 p. m. La orden: J00012611 ya existe.
23/05/2019 01:39:06 p. m. La orden: J00008038 ya existe.
23/05/2019 01:39:06 p. m. La orden: M00008576 ya existe.
23/05/2019 01:39:07 p. m. La orden: M00012092 ya existe.
23/05/2019 01:39:07 p. m. La orden: M00007872 ya existe.
23/05/2019 01:39:07 p. m. La orden: M00008100 ya existe.
23/05/2019 01:39:07 p. m. La orden: M00008152 ya existe.
23/05/2019 01:39:07 p. m. La orden: M00013017 ya existe.
23/05/2019 01:39:07 p. m. La orden: M00013157 ya existe.
23/05/2019 01:39:07 p. m. La orden: M00013264 ya existe.
23/05/2019 01:39:07 p. m. La orden: B00006782 ya existe.
23/05/2019 01:39:07 p. m. La orden: M00008410 ya existe.
23/05/2019 01:39:07 p. m. La orden: M00008477 ya existe.
23/05/2019 01:39:07 p. m. La orden: M00008562 ya existe.
23/05/2019 01:39:07 p. m. La orden: M00008157 ya existe.
23/05/2019 01:39:07 p. m. La orden: M00008563 ya existe.
23/05/2019 01:39:08 p. m. La orden: M00009026 ya existe.
23/05/2019 01:39:08 p. m. La orden: J00009099 ya existe.
23/05/2019 01:39:08 p. m. La orden: J00006947 ya existe.
23/05/2019 01:39:08 p. m. La orden: M00009101 ya existe.
23/05/2019 01:39:08 p. m. La orden: M00009218 ya existe.
23/05/2019 01:39:08 p. m. La orden: M00012945 ya existe.
23/05/2019 01:39:08 p. m. La orden: M00013121 ya existe.
23/05/2019 01:39:08 p. m. La orden: M00013468 ya existe.
23/05/2019 01:39:08 p. m. La orden: M00013464 ya existe.
23/05/2019 01:39:08 p. m. La orden: J00012981 ya existe.
23/05/2019 01:39:08 p. m. La orden: J00009021 ya existe.
23/05/2019 01:39:08 p. m. La orden: M00012945 ya existe.
23/05/2019 01:39:08 p. m. La orden: J00006644 ya existe.
23/05/2019 01:39:09 p. m. La orden: M00006762 ya existe.
23/05/2019 01:39:09 p. m. La orden: M00007598 ya existe.
23/05/2019 01:39:09 p. m. La orden: M00007553 ya existe.
23/05/2019 01:39:09 p. m. La orden: M00007598 ya existe.
23/05/2019 01:39:09 p. m. La orden: M00007740 ya existe.
23/05/2019 01:39:09 p. m. La orden: M00007740 ya existe.
23/05/2019 01:39:09 p. m. La orden: B00007352 ya existe.
23/05/2019 01:39:09 p. m. La orden: M00007707 ya existe.
23/05/2019 01:39:09 p. m. La orden: M00007669 ya existe.
23/05/2019 01:39:09 p. m. La orden: M00007583 ya existe.
23/05/2019 01:39:09 p. m. La orden: M00007656 ya existe.
23/05/2019 01:39:09 p. m. La orden: M00007669 ya existe.
23/05/2019 01:39:09 p. m. La orden: M00007669 ya existe.
23/05/2019 01:39:10 p. m. La orden: M00007481 ya existe.
23/05/2019 01:39:10 p. m. La orden: M00007553 ya existe.
23/05/2019 01:39:10 p. m. La orden: M00007845 ya existe.
23/05/2019 01:39:10 p. m. La orden: M00007912 ya existe.
23/05/2019 01:39:10 p. m. La orden: M00006965 ya existe.
23/05/2019 01:39:10 p. m. La orden: B00007000 ya existe.
23/05/2019 01:39:10 p. m. La orden: M00010477 ya existe.
23/05/2019 01:39:10 p. m. La orden: M00009220 ya existe.
23/05/2019 01:39:10 p. m. La orden: M00009440 ya existe.
23/05/2019 01:39:10 p. m. La orden: M00009419 ya existe.
23/05/2019 01:39:10 p. m. La orden: B00009721 ya existe.
23/05/2019 01:39:10 p. m. La orden: B00009723 ya existe.
23/05/2019 01:39:10 p. m. La orden: B00009873 ya existe.
23/05/2019 01:39:11 p. m. La orden: M00010512 ya existe.
23/05/2019 01:39:11 p. m. La orden: M00009809 ya existe.
23/05/2019 01:39:11 p. m. La orden: M00009227 ya existe.
23/05/2019 01:39:11 p. m. La orden: M00009787 ya existe.
23/05/2019 01:39:11 p. m. La orden: M00010369 ya existe.
23/05/2019 01:39:11 p. m. La orden: M00010350 ya existe.
23/05/2019 01:39:11 p. m. La orden: M00010185 ya existe.
23/05/2019 01:39:11 p. m. La orden: M00007948 ya existe.
23/05/2019 01:39:11 p. m. La orden: J00008038 ya existe.
23/05/2019 01:39:11 p. m. La orden: M00007955 ya existe.
23/05/2019 01:39:11 p. m. La orden: M00008410 ya existe.
23/05/2019 01:39:11 p. m. La orden: J00008067 ya existe.
23/05/2019 01:39:11 p. m. La orden: J00008029 ya existe.
23/05/2019 01:39:12 p. m. La orden: M00008042 ya existe.
23/05/2019 01:39:12 p. m. La orden: J00008029 ya existe.
23/05/2019 01:39:12 p. m. La orden: M00007616 ya existe.
23/05/2019 01:39:12 p. m. La orden: M00007938 ya existe.
23/05/2019 01:39:12 p. m. La orden: M00007945 ya existe.
23/05/2019 01:39:12 p. m. La orden: J00009267 ya existe.
23/05/2019 01:39:12 p. m. La orden: M00009809 ya existe.
23/05/2019 01:39:12 p. m. La orden: M00009424 ya existe.
23/05/2019 01:39:12 p. m. La orden: M00009939 ya existe.
23/05/2019 01:39:12 p. m. La orden: M00010275 ya existe.
23/05/2019 01:39:12 p. m. La orden: M00009815 ya existe.
23/05/2019 01:39:12 p. m. La orden: B00010036 ya existe.
23/05/2019 01:39:12 p. m. La orden: M00010547 ya existe.
23/05/2019 01:39:13 p. m. La orden: M00010704 ya existe.
23/05/2019 01:39:13 p. m. La orden: M00007870 ya existe.
23/05/2019 01:39:13 p. m. La orden: J00002621 ya existe.
23/05/2019 01:39:13 p. m. La orden: M00011708 ya existe.
23/05/2019 01:39:13 p. m. La orden: J00013022 ya existe.
23/05/2019 01:39:13 p. m. La orden: J00002621 ya existe.
23/05/2019 01:39:13 p. m. La orden: M00011708 ya existe.
23/05/2019 01:39:13 p. m. La orden: M00011494 ya existe.
23/05/2019 01:39:13 p. m. La orden: M00011721 ya existe.
23/05/2019 01:39:13 p. m. La orden: M00011798 ya existe.
23/05/2019 01:39:13 p. m. La orden: J00010017 ya existe.
23/05/2019 01:39:13 p. m. La orden: B00010287 ya existe.
23/05/2019 01:39:13 p. m. La orden: J00012140 ya existe.
23/05/2019 01:39:14 p. m. La orden: M00008051 ya existe.
23/05/2019 01:39:14 p. m. La orden: J00008275 ya existe.
23/05/2019 01:39:14 p. m. La orden: M00008213 ya existe.
23/05/2019 01:39:14 p. m. La orden: M00008381 ya existe.
23/05/2019 01:39:14 p. m. La orden: J00008349 ya existe.
23/05/2019 01:39:14 p. m. La orden: J00008463 ya existe.
23/05/2019 01:39:14 p. m. La orden: J00008482 ya existe.
23/05/2019 01:39:14 p. m. La orden: M00008280 ya existe.
23/05/2019 01:39:14 p. m. La orden: J00008527 ya existe.
23/05/2019 01:39:14 p. m. La orden: M00008641 ya existe.
23/05/2019 01:39:14 p. m. La orden: M00008310 ya existe.
23/05/2019 01:39:14 p. m. La orden: M00008184 ya existe.
23/05/2019 01:39:14 p. m. La orden: M00008550 ya existe.
23/05/2019 01:39:15 p. m. La orden: B00008532 ya existe.
23/05/2019 01:39:15 p. m. La orden: J00008555 ya existe.
23/05/2019 01:39:15 p. m. La orden: M00008299 ya existe.
23/05/2019 01:39:15 p. m. La orden: M00008276 ya existe.
23/05/2019 01:39:15 p. m. La orden: M00008157 ya existe.
23/05/2019 01:39:15 p. m. La orden: M00008203 ya existe.
23/05/2019 01:39:15 p. m. La orden: J00007592 ya existe.
23/05/2019 01:39:15 p. m. La orden: M00009609 ya existe.
23/05/2019 01:39:15 p. m. La orden: J00001441 ya existe.
23/05/2019 01:39:15 p. m. La orden: M00011534 ya existe.
23/05/2019 01:39:15 p. m. La orden: M00011183 ya existe.
23/05/2019 01:39:15 p. m. La orden: B00009622 ya existe.
23/05/2019 01:39:15 p. m. La orden: B00009620 ya existe.
23/05/2019 01:39:16 p. m. La orden: M00011804 ya existe.
23/05/2019 01:39:16 p. m. La orden: M00011987 ya existe.
23/05/2019 01:39:16 p. m. La orden: M00012131 ya existe.
23/05/2019 01:39:16 p. m. La orden: J00013022 ya existe.
23/05/2019 01:39:16 p. m. La orden: M00013240 ya existe.
23/05/2019 01:39:16 p. m. La orden: M00011704 ya existe.
23/05/2019 01:39:16 p. m. La orden: M00011448 ya existe.
23/05/2019 01:39:16 p. m. La orden: M00005726 ya existe.
23/05/2019 01:39:16 p. m. La orden: J00009882 ya existe.
23/05/2019 01:39:16 p. m. La orden: M00011792 ya existe.
23/05/2019 01:39:16 p. m. La orden: M00012092 ya existe.
23/05/2019 01:39:16 p. m. La orden: J00013284 ya existe.
23/05/2019 01:39:16 p. m. La orden: J00011960 ya existe.
23/05/2019 01:39:17 p. m. La orden: M00012092 ya existe.
23/05/2019 01:39:17 p. m. La orden: M00011720 ya existe.
23/05/2019 01:39:17 p. m. La orden: M00012092 ya existe.
23/05/2019 01:39:17 p. m. La orden: M00009820 ya existe.
23/05/2019 01:39:17 p. m. La orden: M00009820 ya existe.
23/05/2019 01:39:17 p. m. La orden: M00012282 ya existe.
23/05/2019 01:39:17 p. m. La orden: M00009067 ya existe.
23/05/2019 01:39:17 p. m. La orden: M00003559 ya existe.
23/05/2019 01:39:17 p. m. La orden: M00009825 ya existe.
23/05/2019 01:39:17 p. m. La orden: M00010273 ya existe.
23/05/2019 01:39:17 p. m. La orden: M00012282 ya existe.
23/05/2019 01:39:17 p. m. La orden: M00012092 ya existe.
23/05/2019 01:39:18 p. m. La orden: M00010509 ya existe.
23/05/2019 01:39:18 p. m. La orden: B00009621 ya existe.
23/05/2019 01:39:18 p. m. La orden: M00009892 ya existe.
23/05/2019 01:39:18 p. m. La orden: M00009680 ya existe.
23/05/2019 01:39:18 p. m. La orden: M00010480 ya existe.
23/05/2019 01:39:18 p. m. La orden: M00010439 ya existe.
23/05/2019 01:39:18 p. m. La orden: B00010211 ya existe.
23/05/2019 01:39:18 p. m. La orden: M00010543 ya existe.
23/05/2019 01:39:18 p. m. La orden: M00010468 ya existe.
23/05/2019 01:39:18 p. m. La orden: M00010555 ya existe.
23/05/2019 01:39:18 p. m. La orden: J00010738 ya existe.
23/05/2019 01:39:18 p. m. La orden: M00010584 ya existe.
23/05/2019 01:39:18 p. m. La orden: M00010802 ya existe.
23/05/2019 01:39:19 p. m. La orden: M00009939 ya existe.
23/05/2019 01:39:19 p. m. La orden: M00009947 ya existe.
23/05/2019 01:39:19 p. m. La orden: B00009718 ya existe.
23/05/2019 01:39:19 p. m. La orden: M00010640 ya existe.
23/05/2019 02:13:17 p. m. Proceso Terminado
23/05/2019 02:49:26 p. m. Conexión Establecida a base operativa: GAAAF_Body
23/05/2019 02:49:26 p. m. La orden: M00013240 ya existe.
23/05/2019 02:49:26 p. m. La orden:  ya existe.
23/05/2019 02:49:26 p. m. La orden: M00013264 ya existe.
23/05/2019 02:49:26 p. m. La orden:  ya existe.
23/05/2019 02:49:26 p. m. La orden: J00013022 ya existe.
23/05/2019 02:49:26 p. m. La orden:  ya existe.
23/05/2019 02:49:26 p. m. La orden: M00012945 ya existe.
23/05/2019 02:49:27 p. m. Proceso Terminado
23/05/2019 02:53:20 p. m. Conexión Establecida a base operativa: GAAAF_Body
23/05/2019 02:53:20 p. m. Se guardo openorder para: M00013240
23/05/2019 02:53:20 p. m. Se guardo openorder para: M00013264
23/05/2019 02:53:20 p. m. Se guardo openorder para: J00013022
23/05/2019 02:53:20 p. m. Se guardo openorder para: M00012945
23/05/2019 02:53:21 p. m. Proceso Terminado
23/05/2019 04:29:06 p. m. Conexión Establecida a base operativa: GAAAF_Body
23/05/2019 04:29:06 p. m. Se guardo openorder para: M00000189
23/05/2019 04:29:06 p. m. Se guardo openorder para: M00006895
23/05/2019 04:29:06 p. m. Se guardo openorder para: M00007168
23/05/2019 04:29:06 p. m. Se guardo openorder para: M00006881
23/05/2019 04:29:06 p. m. Se guardo openorder para: M00007274
23/05/2019 04:29:07 p. m. Se guardo openorder para: M00007244
23/05/2019 04:29:07 p. m. Se guardo openorder para: M00007272
23/05/2019 04:29:07 p. m. Se guardo openorder para: M00007214
23/05/2019 04:29:07 p. m. Se guardo openorder para: M00006856
23/05/2019 04:29:07 p. m. Se guardo openorder para: M00007215
23/05/2019 04:29:07 p. m. Se guardo openorder para: M00007143
23/05/2019 04:29:08 p. m. Se guardo openorder para: M00007228
23/05/2019 04:29:08 p. m. Se guardo openorder para: M00007090
23/05/2019 04:29:08 p. m. Se guardo openorder para: M00007033
23/05/2019 04:29:08 p. m. Se guardo openorder para: M00007265
23/05/2019 04:29:08 p. m. Se guardo openorder para: M00007131
23/05/2019 04:29:08 p. m. Se guardo openorder para: J00010221
23/05/2019 04:29:09 p. m. Se guardo openorder para: M00000190
23/05/2019 04:29:09 p. m. La orden: J00012618 ya existe.
23/05/2019 04:29:09 p. m. La orden: M00012700 ya existe.
23/05/2019 04:29:09 p. m. La orden: J00013290 ya existe.
23/05/2019 04:29:09 p. m. La orden: M00013130 ya existe.
23/05/2019 04:29:10 p. m. Proceso Terminado
23/05/2019 04:30:22 p. m. Conexión Establecida a base operativa: GAAAF_Body
23/05/2019 04:30:22 p. m. Se guardo openorder para: J00010752
23/05/2019 04:30:22 p. m. Se guardo openorder para: M00011256
23/05/2019 04:30:22 p. m. Se guardo openorder para: M00011790
23/05/2019 04:30:22 p. m. Se guardo openorder para: M00008898
23/05/2019 04:30:23 p. m. Se guardo openorder para: J00012611
23/05/2019 04:30:23 p. m. La orden: M00013157 ya existe.
23/05/2019 04:30:23 p. m. La orden: M00013264 ya existe.
23/05/2019 04:30:23 p. m. La orden: M00013121 ya existe.
23/05/2019 04:30:23 p. m. La orden: M00013468 ya existe.
23/05/2019 04:30:23 p. m. La orden: M00013464 ya existe.
23/05/2019 04:30:23 p. m. La orden: J00009021 ya existe.
23/05/2019 04:30:23 p. m. La orden: M00009440 ya existe.
23/05/2019 04:30:23 p. m. La orden: M00009227 ya existe.
23/05/2019 04:30:23 p. m. La orden: M00010185 ya existe.
23/05/2019 04:30:23 p. m. La orden: J00009267 ya existe.
23/05/2019 04:30:23 p. m. La orden: M00010275 ya existe.
23/05/2019 04:30:24 p. m. La orden: J00002621 ya existe.
23/05/2019 04:30:24 p. m. La orden: J00002621 ya existe.
23/05/2019 04:30:24 p. m. La orden: M00011798 ya existe.
23/05/2019 04:30:24 p. m. La orden: J00010017 ya existe.
23/05/2019 04:30:24 p. m. La orden: J00012140 ya existe.
23/05/2019 04:30:24 p. m. La orden: J00001441 ya existe.
23/05/2019 04:30:24 p. m. La orden: M00011534 ya existe.
23/05/2019 04:30:24 p. m. La orden: M00011987 ya existe.
23/05/2019 04:30:24 p. m. La orden: M00012131 ya existe.
23/05/2019 04:30:24 p. m. La orden: M00013240 ya existe.
23/05/2019 04:30:24 p. m. La orden: M00005726 ya existe.
23/05/2019 04:30:24 p. m. La orden: J00009882 ya existe.
23/05/2019 04:30:24 p. m. La orden: J00013284 ya existe.
23/05/2019 04:30:25 p. m. La orden: M00012282 ya existe.
23/05/2019 04:30:25 p. m. La orden: M00003559 ya existe.
23/05/2019 04:30:25 p. m. La orden: M00012282 ya existe.
23/05/2019 04:30:25 p. m. Proceso Terminado
23/05/2019 04:42:05 p. m. Conexión Establecida a base operativa: GAAAF_Body
23/05/2019 04:42:05 p. m. Se guardo openorder para: J00009021
23/05/2019 04:42:05 p. m. Se guardo openorder para: M00009440
23/05/2019 04:42:05 p. m. Se guardo openorder para: M00009227
23/05/2019 04:42:05 p. m. Se guardo openorder para: M00010185
23/05/2019 04:42:06 p. m. Se guardo openorder para: J00009267
23/05/2019 04:42:06 p. m. Se guardo openorder para: M00010275
23/05/2019 04:42:06 p. m. Se guardo openorder para: J00002621
23/05/2019 04:42:06 p. m. La orden: J00002621 ya existe.
23/05/2019 04:42:06 p. m. La orden: M00011798 ya existe.
23/05/2019 04:42:06 p. m. La orden: J00010017 ya existe.
23/05/2019 04:42:06 p. m. La orden: J00012140 ya existe.
23/05/2019 04:42:06 p. m. La orden: J00001441 ya existe.
23/05/2019 04:42:06 p. m. La orden: M00011534 ya existe.
23/05/2019 04:42:07 p. m. La orden: M00011987 ya existe.
23/05/2019 04:42:07 p. m. La orden: M00012131 ya existe.
23/05/2019 04:42:07 p. m. La orden: M00005726 ya existe.
23/05/2019 04:42:07 p. m. La orden: J00009882 ya existe.
23/05/2019 04:42:07 p. m. La orden: M00012282 ya existe.
23/05/2019 04:42:07 p. m. La orden: M00003559 ya existe.
23/05/2019 04:42:07 p. m. La orden: M00012282 ya existe.
23/05/2019 04:42:08 p. m. Proceso Terminado