24/05/2019 10:26:50 a. m. Conexión Establecida a base operativa: GAAAF_Tepepan
24/05/2019 10:27:01 a. m. La orden: U00009250 ya existe.
24/05/2019 10:27:18 a. m. La orden: A00009370 ya existe.
24/05/2019 10:27:21 a. m. La orden: A00009295 ya existe.
24/05/2019 10:27:24 a. m. La orden: A00009354 ya existe.
24/05/2019 10:27:26 a. m. Proceso Terminado
24/05/2019 10:28:59 a. m. Conexión Establecida a base operativa: GAAAF_Tepepan
24/05/2019 10:29:09 a. m. La orden: A00009219 ya existe.
24/05/2019 10:31:02 a. m. Conexión Establecida a base operativa: GAAAF_Tepepan
24/05/2019 10:31:11 a. m. La orden: A00009219 ya existe.
24/05/2019 10:31:19 a. m. La orden: U00009250 ya existe.
24/05/2019 10:40:03 a. m. Conexión Establecida a base operativa: GAAAF_Tepepan
24/05/2019 10:40:04 a. m. La orden: A00009219 ya existe.
24/05/2019 10:40:14 a. m. Conexión Establecida a base operativa: GAAAF_Tepepan
24/05/2019 10:40:14 a. m. La orden: U00009250 ya existe.
24/05/2019 10:40:15 a. m. Conexión Establecida a base operativa: GAAAF_Tepepan
24/05/2019 10:40:15 a. m. Se guardó OpenOrder para: A00009370
24/05/2019 10:40:17 a. m. Conexión Establecida a base operativa: GAAAF_Tepepan
24/05/2019 10:40:17 a. m. Se guardó OpenOrder para: A00009295
24/05/2019 10:40:18 a. m. Conexión Establecida a base operativa: GAAAF_Tepepan
24/05/2019 10:40:18 a. m. Se guardó OpenOrder para: A00009354
24/05/2019 10:40:19 a. m. Proceso Terminado
24/05/2019 10:42:58 a. m. Conexión Establecida a base operativa: GAAAF_Tepepan
24/05/2019 10:42:59 a. m. La orden: A00009219 ya existe.
24/05/2019 10:43:00 a. m. Conexión Establecida a base operativa: GAAAF_Tepepan
24/05/2019 10:43:00 a. m. Se guardó OpenOrder para: U00009250
24/05/2019 10:43:01 a. m. Conexión Establecida a base operativa: GAAAF_Tepepan
24/05/2019 10:43:01 a. m. Se guardó OpenOrder para: A00009370
24/05/2019 10:43:02 a. m. Conexión Establecida a base operativa: GAAAF_Tepepan
24/05/2019 10:43:02 a. m. Se guardó OpenOrder para: A00009295
24/05/2019 10:43:03 a. m. Conexión Establecida a base operativa: GAAAF_Tepepan
24/05/2019 10:43:03 a. m. Se guardó OpenOrder para: A00009354
24/05/2019 10:43:04 a. m. Proceso Terminado
24/05/2019 10:43:34 a. m. Conexión Establecida a base operativa: GAAAF_Tepepan
24/05/2019 10:43:34 a. m. La orden: A00009219 ya existe.
24/05/2019 10:43:35 a. m. Conexión Establecida a base operativa: GAAAF_Tepepan
24/05/2019 10:43:35 a. m. La orden: U00009250 ya existe.
24/05/2019 10:43:35 a. m. Conexión Establecida a base operativa: GAAAF_Tepepan
24/05/2019 10:43:35 a. m. La orden: A00009370 ya existe.
24/05/2019 10:43:36 a. m. Conexión Establecida a base operativa: GAAAF_Tepepan
24/05/2019 10:43:36 a. m. La orden: A00009295 ya existe.
24/05/2019 10:43:37 a. m. Conexión Establecida a base operativa: GAAAF_Tepepan
24/05/2019 10:43:37 a. m. La orden: A00009354 ya existe.
24/05/2019 10:43:38 a. m. Proceso Terminado
24/05/2019 10:47:56 a. m. Conexión Establecida a base operativa: GAAAF_Tepepan
24/05/2019 10:47:56 a. m. La orden: A00009142 ya existe.
24/05/2019 10:47:57 a. m. La orden: A00009359 ya existe.
24/05/2019 10:47:57 a. m. La orden: T00009474 ya existe.
24/05/2019 10:47:57 a. m. Se guardó OpenOrder para: A00009410
24/05/2019 10:47:58 a. m. La orden: A00009495 ya existe.
24/05/2019 10:47:58 a. m. La orden: A00009556 ya existe.
24/05/2019 10:47:59 a. m. Se guardó OpenOrder para: A00009550
24/05/2019 10:47:59 a. m. La orden: A00009536 ya existe.
24/05/2019 10:47:59 a. m. La orden: T00009513 ya existe.
24/05/2019 10:48:00 a. m. La orden: T00009516 ya existe.
24/05/2019 10:48:00 a. m. La orden: A00009568 ya existe.
24/05/2019 10:48:00 a. m. La orden: A00009553 ya existe.
24/05/2019 10:48:00 a. m. Se guardó OpenOrder para: A00009551
24/05/2019 10:48:01 a. m. Se guardó OpenOrder para: A00009554
24/05/2019 10:48:01 a. m. La orden: T00009511 ya existe.
24/05/2019 10:48:01 a. m. La orden: A00009309 ya existe.
24/05/2019 10:48:01 a. m. La orden: A00009321 ya existe.
24/05/2019 10:48:01 a. m. La orden: A00009330 ya existe.
24/05/2019 10:48:01 a. m. La orden: A00009333 ya existe.
24/05/2019 10:48:01 a. m. La orden: A00009323 ya existe.
24/05/2019 10:48:02 a. m. La orden: A00009339 ya existe.
24/05/2019 10:48:02 a. m. La orden: A00009355 ya existe.
24/05/2019 10:48:03 a. m. Se guardó OpenOrder para: A00009379
24/05/2019 10:48:03 a. m. La orden: U00009463 ya existe.
24/05/2019 10:48:03 a. m. La orden: U00009465 ya existe.
24/05/2019 10:48:04 a. m. La orden: A00009466 ya existe.
24/05/2019 10:48:04 a. m. La orden: A00009468 ya existe.
24/05/2019 10:48:04 a. m. La orden: A00009475 ya existe.
24/05/2019 10:48:05 a. m. La orden: A00009482 ya existe.
24/05/2019 10:48:05 a. m. La orden: S00009486 ya existe.
24/05/2019 10:48:06 a. m. La orden: A00009470 ya existe.
24/05/2019 10:48:06 a. m. La orden: A00009473 ya existe.
24/05/2019 10:48:06 a. m. La orden: A00009472 ya existe.
24/05/2019 10:48:07 a. m. Se guardó OpenOrder para: A00009369
24/05/2019 10:48:07 a. m. Se guardó OpenOrder para: A00009483
24/05/2019 10:48:08 a. m. La orden: A00009492 ya existe.
24/05/2019 10:48:08 a. m. Se guardó OpenOrder para: A00009490
24/05/2019 10:48:08 a. m. La orden: T00009471 ya existe.
24/05/2019 10:48:08 a. m. La orden: U00009476 ya existe.
24/05/2019 10:48:08 a. m. La orden: A00009494 ya existe.
24/05/2019 10:48:09 a. m. Se guardó OpenOrder para: A00009496
24/05/2019 10:48:09 a. m. La orden: A00009479 ya existe.
24/05/2019 10:48:09 a. m. La orden: U00009509 ya existe.
24/05/2019 10:48:09 a. m. La orden: U00009508 ya existe.
24/05/2019 10:48:09 a. m. Se guardó OpenOrder para: A00009498
24/05/2019 10:48:09 a. m. La orden: U00009522 ya existe.
24/05/2019 10:48:09 a. m. La orden: T00009469 ya existe.
24/05/2019 10:48:09 a. m. Se guardó OpenOrder para: A00009507
24/05/2019 10:48:09 a. m. La orden: A00009525 ya existe.
24/05/2019 10:48:10 a. m. Se guardó OpenOrder para: A00009510
24/05/2019 10:48:10 a. m. La orden: U00009547 ya existe.
24/05/2019 10:48:10 a. m. La orden: A00009521 ya existe.
24/05/2019 10:48:10 a. m. La orden: A00009545 ya existe.
24/05/2019 10:48:10 a. m. Se guardó OpenOrder para: A00009542
24/05/2019 10:48:10 a. m. La orden: A00009557 ya existe.
24/05/2019 10:48:10 a. m. Se guardó OpenOrder para: A00009565
24/05/2019 10:48:11 a. m. Se guardó OpenOrder para: A00009552
24/05/2019 10:48:11 a. m. Se guardó OpenOrder para: A00009572
24/05/2019 10:48:11 a. m. Se guardó OpenOrder para: A00009573
24/05/2019 10:48:11 a. m. La orden: T00009561 ya existe.
24/05/2019 10:48:11 a. m. La orden: T00009504 ya existe.
24/05/2019 10:48:11 a. m. La orden: T00009524 ya existe.
24/05/2019 10:48:11 a. m. La orden: T00009518 ya existe.
24/05/2019 10:48:12 a. m. La orden: T00009540 ya existe.
24/05/2019 10:48:12 a. m. La orden: A00009569 ya existe.
24/05/2019 10:48:12 a. m. La orden: T00009539 ya existe.
24/05/2019 10:48:13 a. m. La orden: T00009576 ya existe.
24/05/2019 10:48:13 a. m. La orden: A00009467 ya existe.
24/05/2019 10:48:14 a. m. La orden: A00009245 ya existe.
24/05/2019 10:48:14 a. m. La orden: A00009159 ya existe.
24/05/2019 10:48:14 a. m. La orden: A00009219 ya existe.
24/05/2019 10:48:14 a. m. La orden: U00009250 ya existe.
24/05/2019 10:48:15 a. m. La orden: A00009370 ya existe.
24/05/2019 10:48:15 a. m. La orden: A00009295 ya existe.
24/05/2019 10:48:15 a. m. La orden: A00009354 ya existe.
24/05/2019 10:48:24 a. m. Proceso Terminado